<?xml version="1.0" encoding="UTF-8"?>
<!-- Generated by org.testng.reporters.JUnitReportReporter -->
<testsuite hostname="DESKTOP-OAJGUEI" failures="0" tests="11" name="orangeHRMTestCase.TestCaseOrangeHRM" time="76.717" errors="0" timestamp="2022-11-14T17:43:36 IST" skipped="0">
  <testcase classname="orangeHRMTestCase.TestCaseOrangeHRM" name="clickOnPIM" time="5.127"/>
  <system-out/>
  <testcase classname="orangeHRMTestCase.TestCaseOrangeHRM" name="addNewUserInPIM" time="4.879"/>
  <system-out/>
  <testcase classname="orangeHRMTestCase.TestCaseOrangeHRM" name="addMorePersonalDetails" time="6.723"/>
  <system-out/>
  <testcase classname="orangeHRMTestCase.TestCaseOrangeHRM" name="validatePimUrl" time="0.020"/>
  <system-out/>
  <testcase classname="orangeHRMTestCase.TestCaseOrangeHRM" name="validateHomePageLogo" time="0.776"/>
  <system-out/>
  <testcase classname="orangeHRMTestCase.TestCaseOrangeHRM" name="deleteEmp" time="4.224"/>
  <system-out/>
  <testcase classname="orangeHRMTestCase.TestCaseOrangeHRM" name="setup" time="43.575"/>
  <system-out/>
  <testcase classname="orangeHRMTestCase.TestCaseOrangeHRM" name="validatePersonalDetails" time="1.159"/>
  <system-out/>
  <testcase classname="orangeHRMTestCase.TestCaseOrangeHRM" name="enterEmpIdAndSearch" time="1.668"/>
  <system-out/>
  <testcase classname="orangeHRMTestCase.TestCaseOrangeHRM" name="loginFuntionality" time="6.071"/>
  <system-out/>
  <testcase classname="orangeHRMTestCase.TestCaseOrangeHRM" name="searchEmp" time="2.495"/>
  <system-out/>
</testsuite> <!-- orangeHRMTestCase.TestCaseOrangeHRM -->
