<?xml version="1.0" encoding="UTF-8"?>
<!-- Generated by org.testng.reporters.JUnitReportReporter -->
<testsuite hostname="DESKTOP-OAJGUEI" failures="0" tests="2" name="tutorial.Demo" time="43.990" errors="0" timestamp="2022-11-14T13:12:22 IST" skipped="0">
  <testcase classname="tutorial.Demo" name="setup" time="43.960"/>
  <system-out/>
  <testcase classname="tutorial.Demo" name="m1" time="0.030"/>
  <system-out/>
</testsuite> <!-- tutorial.Demo -->
