<?xml version="1.0" encoding="UTF-8"?>
<!-- Generated by org.testng.reporters.JUnitReportReporter -->
<testsuite hostname="DESKTOP-OAJGUEI" failures="0" tests="3" name="demo.Demo1" time="0.033" errors="0" timestamp="2022-11-21T14:05:38 IST" skipped="0">
  <testcase classname="demo.Demo1" name="login" time="0.024"/>
  <system-out/>
  <testcase classname="demo.Demo1" name="home" time="0.004"/>
  <system-out/>
  <testcase classname="demo.Demo1" name="contactpage" time="0.005"/>
  <system-out/>
</testsuite> <!-- demo.Demo1 -->
